# !SESSION 2024-06-12 12:11:29.685
# version: 1.1
# verbose: true
# The following option strings are specified for this debug session:
# 	null
| Worker-10: Setup scanner extension configuration | 2024-06-12 12:11:29.685 | com.iar.ide.common | /debug | com.iar.ide.common.logging.Logger | traceFile | 197 | SDK location does not exist: null |
# !SESSION 2024-06-12 15:14:21.734
# version: 1.1
# verbose: true
# The following option strings are specified for this debug session:
# 	null
| Worker-11: Setup scanner extension configuration | 2024-06-12 15:14:21.734 | com.iar.ide.common | /debug | com.iar.ide.common.logging.Logger | traceFile | 197 | SDK location does not exist: null |
# !SESSION 2024-06-13 12:52:29.120
# version: 1.1
# verbose: true
# The following option strings are specified for this debug session:
# 	null
| Worker-10: Setup scanner extension configuration | 2024-06-13 12:52:29.120 | com.iar.ide.common | /debug | com.iar.ide.common.logging.Logger | traceFile | 197 | SDK location does not exist: null |
# !SESSION 2024-06-14 11:27:55.627
# version: 1.1
# verbose: true
# The following option strings are specified for this debug session:
# 	null
| Worker-2: Setup scanner extension configuration | 2024-06-14 11:27:55.627 | com.iar.ide.common | /debug | com.iar.ide.common.logging.Logger | traceFile | 197 | SDK location does not exist: null |
# !SESSION 2024-06-14 11:31:49.527
# version: 1.1
# verbose: true
# The following option strings are specified for this debug session:
# 	null
| Worker-2: Setup scanner extension configuration | 2024-06-14 11:31:49.527 | com.iar.ide.common | /debug | com.iar.ide.common.logging.Logger | traceFile | 197 | SDK location does not exist: null |
# !SESSION 2024-06-14 12:05:19.063
# version: 1.1
# verbose: true
# The following option strings are specified for this debug session:
# 	null
| Worker-4: Setup scanner extension configuration | 2024-06-14 12:05:19.063 | com.iar.ide.common | /debug | com.iar.ide.common.logging.Logger | traceFile | 197 | SDK location does not exist: null |
# !SESSION 2024-06-14 12:22:02.277
# version: 1.1
# verbose: true
# The following option strings are specified for this debug session:
# 	null
| Worker-14: Setup scanner extension configuration | 2024-06-14 12:22:02.277 | com.iar.ide.common | /debug | com.iar.ide.common.logging.Logger | traceFile | 197 | SDK location does not exist: null |
# !SESSION 2024-06-14 12:26:22.991
# version: 1.1
# verbose: true
# The following option strings are specified for this debug session:
# 	null
| Worker-3: Setup scanner extension configuration | 2024-06-14 12:26:22.991 | com.iar.ide.common | /debug | com.iar.ide.common.logging.Logger | traceFile | 197 | SDK location does not exist: null |
# !SESSION 2024-06-14 12:33:02.257
# version: 1.1
# verbose: true
# The following option strings are specified for this debug session:
# 	null
| Worker-4: Setup scanner extension configuration | 2024-06-14 12:33:02.257 | com.iar.ide.common | /debug | com.iar.ide.common.logging.Logger | traceFile | 197 | SDK location does not exist: null |
# !SESSION 2024-06-14 14:40:07.567
# version: 1.1
# verbose: true
# The following option strings are specified for this debug session:
# 	null
| Worker-15: Setup scanner extension configuration | 2024-06-14 14:40:07.567 | com.iar.ide.common | /debug | com.iar.ide.common.logging.Logger | traceFile | 197 | SDK location does not exist: null |
# !SESSION 2024-06-14 15:34:25.491
# version: 1.1
# verbose: true
# The following option strings are specified for this debug session:
# 	null
| Worker-4: Setup scanner extension configuration | 2024-06-14 15:34:25.491 | com.iar.ide.common | /debug | com.iar.ide.common.logging.Logger | traceFile | 197 | SDK location does not exist: null |
# !SESSION 2024-06-14 15:46:30.849
# version: 1.1
# verbose: true
# The following option strings are specified for this debug session:
# 	null
| Worker-9: Setup scanner extension configuration | 2024-06-14 15:46:30.849 | com.iar.ide.common | /debug | com.iar.ide.common.logging.Logger | traceFile | 197 | SDK location does not exist: null |
# !SESSION 2024-06-14 18:31:06.142
# version: 1.1
# verbose: true
# The following option strings are specified for this debug session:
# 	null
| Worker-13: Setup scanner extension configuration | 2024-06-14 18:31:06.142 | com.iar.ide.common | /debug | com.iar.ide.common.logging.Logger | traceFile | 197 | SDK location does not exist: null |
# !SESSION 2024-06-15 10:09:02.461
# version: 1.1
# verbose: true
# The following option strings are specified for this debug session:
# 	null
| Worker-13: Setup scanner extension configuration | 2024-06-15 10:09:02.461 | com.iar.ide.common | /debug | com.iar.ide.common.logging.Logger | traceFile | 197 | SDK location does not exist: null |
# !SESSION 2024-06-15 10:15:06.210
# version: 1.1
# verbose: true
# The following option strings are specified for this debug session:
# 	null
| Worker-0: Setup scanner extension configuration | 2024-06-15 10:15:06.210 | com.iar.ide.common | /debug | com.iar.ide.common.logging.Logger | traceFile | 197 | SDK location does not exist: null |
# !SESSION 2024-06-17 09:41:47.337
# version: 1.1
# verbose: true
# The following option strings are specified for this debug session:
# 	null
| Worker-9: Setup scanner extension configuration | 2024-06-17 09:41:47.337 | com.iar.ide.common | /debug | com.iar.ide.common.logging.Logger | traceFile | 197 | SDK location does not exist: null |
# !SESSION 2024-06-21 12:00:37.594
# version: 1.1
# verbose: true
# The following option strings are specified for this debug session:
# 	null
| Worker-9: Setup scanner extension configuration | 2024-06-21 12:00:37.594 | com.iar.ide.common | /debug | com.iar.ide.common.logging.Logger | traceFile | 197 | SDK location does not exist: null |
# !SESSION 2024-06-21 15:11:29.699
# version: 1.1
# verbose: true
# The following option strings are specified for this debug session:
# 	null
| Worker-4: Setup scanner extension configuration | 2024-06-21 15:11:29.699 | com.iar.ide.common | /debug | com.iar.ide.common.logging.Logger | traceFile | 197 | SDK location does not exist: null |
# !SESSION 2024-06-21 16:06:28.275
# version: 1.1
# verbose: true
# The following option strings are specified for this debug session:
# 	null
| Worker-3: Setup scanner extension configuration | 2024-06-21 16:06:28.275 | com.iar.ide.common | /debug | com.iar.ide.common.logging.Logger | traceFile | 197 | SDK location does not exist: null |
# !SESSION 2024-06-21 16:08:42.866
# version: 1.1
# verbose: true
# The following option strings are specified for this debug session:
# 	null
| Worker-8: Setup scanner extension configuration | 2024-06-21 16:08:42.866 | com.iar.ide.common | /debug | com.iar.ide.common.logging.Logger | traceFile | 197 | SDK location does not exist: null |
# !SESSION 2024-06-22 09:32:47.053
# version: 1.1
# verbose: true
# The following option strings are specified for this debug session:
# 	null
| Worker-4: Setup scanner extension configuration | 2024-06-22 09:32:47.053 | com.iar.ide.common | /debug | com.iar.ide.common.logging.Logger | traceFile | 197 | SDK location does not exist: null |
# !SESSION 2024-06-22 09:34:57.582
# version: 1.1
# verbose: true
# The following option strings are specified for this debug session:
# 	null
| Worker-7: Setup scanner extension configuration | 2024-06-22 09:34:57.582 | com.iar.ide.common | /debug | com.iar.ide.common.logging.Logger | traceFile | 197 | SDK location does not exist: null |
# !SESSION 2024-06-27 17:08:20.866
# version: 1.1
# verbose: true
# The following option strings are specified for this debug session:
# 	null
| Worker-11: Setup scanner extension configuration | 2024-06-27 17:08:20.866 | com.iar.ide.common | /debug | com.iar.ide.common.logging.Logger | traceFile | 197 | SDK location does not exist: null |
# !SESSION 2024-06-28 14:14:22.458
# version: 1.1
# verbose: true
# The following option strings are specified for this debug session:
# 	null
| Worker-8: Setup scanner extension configuration | 2024-06-28 14:14:22.458 | com.iar.ide.common | /debug | com.iar.ide.common.logging.Logger | traceFile | 197 | SDK location does not exist: null |
# !SESSION 2024-06-29 09:39:47.554
# version: 1.1
# verbose: true
# The following option strings are specified for this debug session:
# 	null
| Worker-3: Setup scanner extension configuration | 2024-06-29 09:39:47.554 | com.iar.ide.common | /debug | com.iar.ide.common.logging.Logger | traceFile | 197 | SDK location does not exist: null |
# !SESSION 2024-06-29 14:52:13.776
# version: 1.1
# verbose: true
# The following option strings are specified for this debug session:
# 	null
| Worker-4: Setup scanner extension configuration | 2024-06-29 14:52:13.776 | com.iar.ide.common | /debug | com.iar.ide.common.logging.Logger | traceFile | 197 | SDK location does not exist: null |
# !SESSION 2024-06-29 14:54:55.261
# version: 1.1
# verbose: true
# The following option strings are specified for this debug session:
# 	null
| Worker-7: Setup scanner extension configuration | 2024-06-29 14:54:55.261 | com.iar.ide.common | /debug | com.iar.ide.common.logging.Logger | traceFile | 197 | SDK location does not exist: null |
# !SESSION 2024-07-01 12:45:47.516
# version: 1.1
# verbose: true
# The following option strings are specified for this debug session:
# 	null
| Worker-1: Setup scanner extension configuration | 2024-07-01 12:45:47.516 | com.iar.ide.common | /debug | com.iar.ide.common.logging.Logger | traceFile | 197 | SDK location does not exist: null |
# !SESSION 2024-07-01 12:47:14.091
# version: 1.1
# verbose: true
# The following option strings are specified for this debug session:
# 	null
| Worker-6: Setup scanner extension configuration | 2024-07-01 12:47:14.091 | com.iar.ide.common | /debug | com.iar.ide.common.logging.Logger | traceFile | 197 | SDK location does not exist: null |
# !SESSION 2024-07-01 12:48:24.065
# version: 1.1
# verbose: true
# The following option strings are specified for this debug session:
# 	null
| Worker-5: Setup scanner extension configuration | 2024-07-01 12:48:24.065 | com.iar.ide.common | /debug | com.iar.ide.common.logging.Logger | traceFile | 197 | SDK location does not exist: null |
# !SESSION 2024-07-01 15:18:09.348
# version: 1.1
# verbose: true
# The following option strings are specified for this debug session:
# 	null
| Worker-10: Setup scanner extension configuration | 2024-07-01 15:18:09.348 | com.iar.ide.common | /debug | com.iar.ide.common.logging.Logger | traceFile | 197 | SDK location does not exist: null |
# !SESSION 2024-07-02 10:32:20.734
# version: 1.1
# verbose: true
# The following option strings are specified for this debug session:
# 	null
| Worker-2: Setup scanner extension configuration | 2024-07-02 10:32:20.734 | com.iar.ide.common | /debug | com.iar.ide.common.logging.Logger | traceFile | 197 | SDK location does not exist: null |
# !SESSION 2024-07-02 14:16:16.093
# version: 1.1
# verbose: true
# The following option strings are specified for this debug session:
# 	null
| Worker-15: Setup scanner extension configuration | 2024-07-02 14:16:16.093 | com.iar.ide.common | /debug | com.iar.ide.common.logging.Logger | traceFile | 197 | SDK location does not exist: null |
# !SESSION 2024-07-02 14:31:47.213
# version: 1.1
# verbose: true
# The following option strings are specified for this debug session:
# 	null
| Worker-4: Setup scanner extension configuration | 2024-07-02 14:31:47.213 | com.iar.ide.common | /debug | com.iar.ide.common.logging.Logger | traceFile | 197 | SDK location does not exist: null |
# !SESSION 2024-07-03 18:13:55.026
# version: 1.1
# verbose: true
# The following option strings are specified for this debug session:
# 	null
| Worker-8: Setup scanner extension configuration | 2024-07-03 18:13:55.026 | com.iar.ide.common | /debug | com.iar.ide.common.logging.Logger | traceFile | 197 | SDK location does not exist: null |
# !SESSION 2024-07-09 11:23:56.398
# version: 1.1
# verbose: true
# The following option strings are specified for this debug session:
# 	null
| Worker-3: Setup scanner extension configuration | 2024-07-09 11:23:56.398 | com.iar.ide.common | /debug | com.iar.ide.common.logging.Logger | traceFile | 197 | SDK location does not exist: null |
# !SESSION 2024-07-09 11:27:08.008
# version: 1.1
# verbose: true
# The following option strings are specified for this debug session:
# 	null
| Worker-5: Setup scanner extension configuration | 2024-07-09 11:27:08.008 | com.iar.ide.common | /debug | com.iar.ide.common.logging.Logger | traceFile | 197 | SDK location does not exist: null |
# !SESSION 2024-07-09 16:53:54.580
# version: 1.1
# verbose: true
# The following option strings are specified for this debug session:
# 	null
| Worker-9: Setup scanner extension configuration | 2024-07-09 16:53:54.580 | com.iar.ide.common | /debug | com.iar.ide.common.logging.Logger | traceFile | 197 | SDK location does not exist: null |
# !SESSION 2024-07-10 10:12:10.495
# version: 1.1
# verbose: true
# The following option strings are specified for this debug session:
# 	null
| Worker-7: Setup scanner extension configuration | 2024-07-10 10:12:10.495 | com.iar.ide.common | /debug | com.iar.ide.common.logging.Logger | traceFile | 197 | SDK location does not exist: null |
# !SESSION 2024-07-10 12:03:15.868
# version: 1.1
# verbose: true
# The following option strings are specified for this debug session:
# 	null
| Worker-11: Setup scanner extension configuration | 2024-07-10 12:03:15.868 | com.iar.ide.common | /debug | com.iar.ide.common.logging.Logger | traceFile | 197 | SDK location does not exist: null |
# !SESSION 2024-07-10 12:50:54.537
# version: 1.1
# verbose: true
# The following option strings are specified for this debug session:
# 	null
| Worker-10: Setup scanner extension configuration | 2024-07-10 12:50:54.537 | com.iar.ide.common | /debug | com.iar.ide.common.logging.Logger | traceFile | 197 | SDK location does not exist: null |
# !SESSION 2024-07-15 14:55:36.459
# version: 1.1
# verbose: true
# The following option strings are specified for this debug session:
# 	null
| Worker-4: Setup scanner extension configuration | 2024-07-15 14:55:36.459 | com.iar.ide.common | /debug | com.iar.ide.common.logging.Logger | traceFile | 197 | SDK location does not exist: null |
